<?xml version="1.0" encoding="UTF-8"?>
<!-- Generated by org.testng.reporters.JUnitReportReporter -->
<testsuite skipped="0" hostname="del1-lhp-n65327" name="testng.NewTest" tests="11" failures="0" timestamp="13 Aug 2019 10:39:41 GMT" time="2.288" errors="0">
  <testcase name="f1" time="1.519" classname="testng.NewTest"/>
  <testcase name="a" time="0.060" classname="testng.NewTest"/>
  <testcase name="a" time="0.064" classname="testng.NewTest"/>
  <testcase name="a" time="0.063" classname="testng.NewTest"/>
  <testcase name="a" time="0.068" classname="testng.NewTest"/>
  <testcase name="a" time="0.134" classname="testng.NewTest"/>
  <testcase name="b" time="0.062" classname="testng.NewTest"/>
  <testcase name="b" time="0.094" classname="testng.NewTest"/>
  <testcase name="b" time="0.078" classname="testng.NewTest"/>
  <testcase name="b" time="0.078" classname="testng.NewTest"/>
  <testcase name="b" time="0.068" classname="testng.NewTest"/>
</testsuite> <!-- testng.NewTest -->
